TN:
SF:src\app.ts
FN:17,(anonymous_1)
FN:31,(anonymous_2)
FNF:2
FNH:2
FNDA:3,(anonymous_1)
FNDA:1,(anonymous_2)
DA:1,1
DA:2,1
DA:3,1
DA:6,1
DA:7,1
DA:9,1
DA:10,1
DA:11,1
DA:14,1
DA:18,3
DA:19,0
DA:21,3
DA:22,0
DA:25,3
DA:26,3
DA:27,3
DA:31,1
DA:32,1
DA:35,1
LF:19
LH:17
BRDA:18,0,0,0
BRDA:21,1,0,0
BRDA:25,2,0,3
BRDA:25,2,1,0
BRDA:26,3,0,3
BRDA:26,3,1,0
BRDA:26,4,0,0
BRDA:26,4,1,3
BRDA:26,5,0,3
BRDA:26,5,1,3
BRF:10
BRH:5
end_of_record
TN:
SF:src\mocks\db.ts
FNF:0
FNH:0
DA:1,1
LF:1
LH:1
BRF:0
BRH:0
end_of_record
TN:
SF:src\schema\resolvers.ts
FN:15,(anonymous_0)
FN:17,(anonymous_1)
FN:21,(anonymous_2)
FN:30,(anonymous_3)
FN:42,(anonymous_4)
FNF:5
FNH:5
FNDA:1,(anonymous_0)
FNDA:1,(anonymous_1)
FNDA:3,(anonymous_2)
FNDA:22,(anonymous_3)
FNDA:2,(anonymous_4)
DA:1,1
DA:13,1
DA:15,1
DA:18,1
DA:22,3
DA:24,3
DA:25,1
DA:26,1
DA:27,1
DA:30,22
DA:32,2
DA:33,1
DA:34,1
DA:35,1
DA:38,1
DA:43,2
DA:44,6
DA:46,2
DA:47,1
DA:48,1
DA:49,1
DA:52,1
DA:53,1
DA:54,1
DA:56,1
LF:25
LH:25
BRDA:24,0,0,1
BRDA:32,1,0,1
BRDA:46,2,0,1
BRDA:46,3,0,2
BRDA:46,3,1,2
BRF:5
BRH:5
end_of_record
TN:
SF:src\schema\typeDefs.ts
FNF:0
FNH:0
DA:1,1
DA:3,1
DA:29,1
LF:3
LH:3
BRDA:3,0,0,1
BRDA:3,0,1,1
BRF:2
BRH:2
end_of_record
